Converting 157 PDF(s) -> /home/emz/Workdir/honda-nt1100/Service Manual/markdown
  OK Air Box Crankcase Breathers: 2 page(s), 2 image(s)
  OK Air Filter: 1 page(s), 1 image(s)
  OK Air Box: 3 page(s), 6 image(s)
  OK Battery - Charging Voltage: 1 page(s), 1 image(s)
  OK Battery - Current Leakage Test: 1 page(s), 1 image(s)
  OK Battery: 1 page(s), 1 image(s)
  OK Battery - Voltage: 1 page(s), 1 image(s)
  OK Brakes - ABS Modulator: 2 page(s), 3 image(s)
  OK Brakes - Front Assembly: 1 page(s), 1 image(s)
  OK Brakes - Front Pads: 2 page(s), 4 image(s)
  OK Brakes - Bleeding: 3 page(s), 6 image(s)
  OK Brakes - Rear Assembly: 1 page(s), 1 image(s)
  OK Brakes - Rear Brake Pedal: 1 page(s), 1 image(s)
  OK Brakes - Rear Pads: 5 page(s), 9 image(s)
  OK Camshaft - Removal: 3 page(s), 5 image(s)
  OK Camshaft - Install: 4 page(s), 10 image(s)
  OK Clutch System: 1 page(s), 2 image(s)
  OK Coolant - ECT Inspection: 1 page(s), 1 image(s)
  OK Coolant - ECT Sensor: 1 page(s), 1 image(s)
  OK Coolant-Fan Relay: 1 page(s), 1 image(s)
  OK Coolant-Flow: 1 page(s), 1 image(s)
  OK Coolant-General: 1 page(s), 2 image(s)
  OK Coolant-Level: 2 page(s), 2 image(s)
  OK Coolant-Radiator Inspect: 1 page(s), 1 image(s)
  OK Cable&Harness Routing: 41 page(s), 61 image(s)
  OK Coolant-Radiator Remove&Install: 7 page(s), 12 image(s)
  OK Coolant-Replace&Bleeding: 2 page(s), 2 image(s)
  OK Coolant-Reserve Tank: 1 page(s), 1 image(s)
  OK Coolant-Thermostat Inspection: 1 page(s), 2 image(s)
  OK Coolant-Thermostat Remove&Install: 1 page(s), 2 image(s)
  OK Coolant-Radiator Assembly: 2 page(s), 2 image(s)
  OK Coolant-Water Pump Inspection: 1 page(s), 1 image(s)
  OK Coolant-Water Pump Install: 2 page(s), 2 image(s)
  OK Coolant-Water Pump Remove: 1 page(s), 1 image(s)
  OK Cover-Crankcase Right Remove: 3 page(s), 6 image(s)
  OK Cover-Cylinder Head Install: 3 page(s), 7 image(s)
  OK Cover-Cylinder Head Removal: 2 page(s), 4 image(s)
  OK Coolant-Specification: 1 page(s), 1 image(s)
  OK Cover-Front Sprocket: 1 page(s), 1 image(s)
  OK Cover-Heel: 1 page(s), 1 image(s)
  OK Coolant-Troubleshooting: 1 page(s), 1 image(s)
  OK Cover-Regulator_Rectifier: 1 page(s), 1 image(s)
  OK Cover-Right Deflector (NT): 1 page(s), 1 image(s)
  OK Cover-Right Engine Heat: 1 page(s), 1 image(s)
  OK Cowl - Fuel Tank: 2 page(s), 3 image(s)
  OK Cowl - Front: 2 page(s), 2 image(s)
  OK Cowl - Inner L&R: 2 page(s), 3 image(s)
  OK Cowl - Middle: 1 page(s), 1 image(s)
  OK Cowl - Rear Centre: 1 page(s), 1 image(s)
  OK Cowl - Rear Side: 3 page(s), 4 image(s)
  OK Cowl - Under Cover: 1 page(s), 1 image(s)
  OK Cowl&Cover - Locations: 1 page(s), 2 image(s)
  OK Cowl&Cover - Removal Chart: 1 page(s), 1 image(s)
  OK Drive Chain - Adjustment: 1 page(s), 2 image(s)
  OK Drive Chain - Replacement: 2 page(s), 4 image(s)
  OK EVAP: 2 page(s), 2 image(s)
  OK Frame - Cross Plate (Fuel Tank): 1 page(s), 1 image(s)
  OK Frame - Rear Carrier: 1 page(s), 1 image(s)
  OK Frame - Pillion Pegs: 1 page(s), 3 image(s)
  OK Frame - Rear Fender A: 1 page(s), 1 image(s)
  OK Cowl - Side L&R: 2 page(s), 2 image(s)
  OK Frame - Seat Lock & Catch: 2 page(s), 2 image(s)
  OK Frame - Rear Fender B: 6 page(s), 9 image(s)
  OK Front - Handlebar(2): 1 page(s), 2 image(s)
  OK Frame - Subframe: 3 page(s), 5 image(s)
  OK Front - Handlebar: 2 page(s), 3 image(s)
  OK Front - Steering Stem Bearing Replace: 3 page(s), 8 image(s)
  OK Front - Steering Stem Remove: 4 page(s), 7 image(s)
  OK Front - Steering Stem Install: 5 page(s), 13 image(s)
  OK Front Fork - Install: 3 page(s), 5 image(s)
  OK Front Fork - Assembly: 6 page(s), 17 image(s)
  OK Front Fork - Disassembly: 5 page(s), 11 image(s)
  OK Front Fork - Removal: 2 page(s), 4 image(s)
  OK Fuel - Level Sensor Inspection: 1 page(s), 1 image(s)
  OK Front Fender: 2 page(s), 2 image(s)
  OK Fuel - Level Sensor: 1 page(s), 1 image(s)
  OK Fuel - Line Disconnect: 1 page(s), 3 image(s)
  OK Fuel - Line Pressure Normalise: 1 page(s), 1 image(s)
  OK Fuel - Line: 2 page(s), 2 image(s)
  OK Fuel - Flow Inspection: 2 page(s), 2 image(s)
  OK Front Suspension Specifications: 1 page(s), 1 image(s)
  OK Fuel - Pump Assembly: 3 page(s), 5 image(s)
  OK Fuel - Pump Install: 1 page(s), 2 image(s)
  OK Fuel - Pump Disassembly: 2 page(s), 4 image(s)
  OK Fuel - Pump Removal: 2 page(s), 3 image(s)
  OK Fuel - Line Pressure Relieve: 2 page(s), 2 image(s)
  OK Headlight Aim: 1 page(s), 1 image(s)
  OK Fuel - Tank: 2 page(s), 2 image(s)
  OK Gearshift Arm&Pedal: 3 page(s), 5 image(s)
  OK Ignition Coil Tray: 3 page(s), 5 image(s)
  OK Lights-Brake&Taillight: 1 page(s), 1 image(s)
  OK Lights - License Plate: 2 page(s), 3 image(s)
  OK Lights-Headlight Inspection: 3 page(s), 5 image(s)
  OK Lights-Turn Signals: 2 page(s), 4 image(s)
  OK Ignition Coil Tray Assembly: 2 page(s), 2 image(s)
  OK Lights-Headlight: 2 page(s), 2 image(s)
  OK Lights-Turn Signals ESS: 1 page(s), 1 image(s)
  OK Oil-Change: 1 page(s), 1 image(s)
  OK Oil-Filter: 3 page(s), 5 image(s)
  OK Oil-Level: 1 page(s), 1 image(s)
  OK Oil-Pump Assembly: 2 page(s), 2 image(s)
  OK Oil - Troubleshooting Lubrication: 1 page(s), 1 image(s)
  OK Oil-Pump Inspection: 1 page(s), 1 image(s)
  OK Oil-Pump: 1 page(s), 1 image(s)
  OK Oil-Strainer Install: 2 page(s), 4 image(s)
  OK Oil-Strainer Removal: 2 page(s), 4 image(s)
  OK Oil-System Lubrication: 2 page(s), 2 image(s)
  OK PAIR - Inspection: 1 page(s), 2 image(s)
  OK PAIR - Reed Valve: 2 page(s), 4 image(s)
  OK Oil-Specification: 1 page(s), 1 image(s)
  OK PAIR - Removal & Check: 3 page(s), 4 image(s)
  OK PGM-FI - Body Ctrl DTC Index: 1 page(s), 1 image(s)
  OK PGM-FI - DTC Index: 9 page(s), 9 image(s)
  OK PGM-FI - DTC Reading: 4 page(s), 5 image(s)
  OK PGM-FI - Erasing Stored DTC: 1 page(s), 1 image(s)
  OK PGM-FI - Body Ctrl DTC Troubleshooting: 1 page(s), 1 image(s)
  OK PGM-FI - Scan Tool Connection: 1 page(s), 1 image(s)
  OK PGM-FI - Prior Diagnosis: 1 page(s), 1 image(s)
  OK Rear Suspension - Shock Absorber: 1 page(s), 1 image(s)
  OK Rear Suspension Specifications: 1 page(s), 1 image(s)
  OK Relays - Fan: 1 page(s), 1 image(s)
  OK Relays - Fuel: 1 page(s), 1 image(s)
  OK Relays - Inspection: 1 page(s), 1 image(s)
  OK Relays - Starter: 1 page(s), 1 image(s)
  OK Rocker Arm - Install: 3 page(s), 4 image(s)
  OK Rocker Arm - Removal: 2 page(s), 3 image(s)
  OK Spark Plug Inspection: 2 page(s), 3 image(s)
  OK Spark Plug: 2 page(s), 2 image(s)
  OK PGM-FI - System Diagram: 1 page(s), 1 image(s)
  OK Sprockets: 1 page(s), 2 image(s)
  OK Stand-Centre: 1 page(s), 1 image(s)
  OK Stand-Side Remove: 2 page(s), 2 image(s)
  OK Stand-Side Install: 2 page(s), 2 image(s)
  OK Stand-Side Switch Inspection: 1 page(s), 1 image(s)
  OK Stand-Side Switch: 3 page(s), 5 image(s)
  OK Valve Clearance - Intake: 2 page(s), 4 image(s)
  OK Valve Clearance: 7 page(s), 17 image(s)
  OK NT1100 Wiring Diagram: 3 page(s), 3 image(s)
  OK WShop Manual - Maintenance Schedule: 2 page(s), 2 image(s)
  OK Valve Specifications: 1 page(s), 1 image(s)
  OK WShop Manual - Abbreviations: 1 page(s), 1 image(s)
  OK WShop Manual - Symbols: 2 page(s), 11 image(s)
  OK WShop Manual - Torque Values - Standard: 1 page(s), 2 image(s)
  OK Wheels - Front Disassembly&Assembly: 2 page(s), 4 image(s)
  OK Wheels - Front Install: 3 page(s), 5 image(s)
  OK Wheels - Front Removal: 2 page(s), 3 image(s)
  OK Wheels - Rear Bearing Replacement: 3 page(s), 6 image(s)
  OK Wheels - Rear Disassembly&Assembly: 1 page(s), 1 image(s)
  OK Wheels - Rear Install: 2 page(s), 3 image(s)
  OK Wheels - Rear Removal: 2 page(s), 3 image(s)
  OK Wheels - Speed Sensor Gaps: 1 page(s), 1 image(s)
  OK Windscreen Rail: 1 page(s), 1 image(s)
  OK Windscreen Remove&Install: 1 page(s), 1 image(s)
  OK NT1100 PDI: 24 page(s), 61 image(s)
  OK Windscreen Stay: 1 page(s), 1 image(s)
  OK WShop Manual - Special Tools: 5 page(s), 5 image(s)
  OK WShop Manual - Torque Values - Engine&Frame: 16 page(s), 17 image(s)

Done: 157/157 succeeded.
